{
  "RSpec": {
    "coverage": {
      "/Users/kannan/kannan/projects/octopress/octopaas/spec/controllers/api/v1/tickets_controller_spec.rb": [
        1,
        null,
        1,
        1,
        1,
        null,
        1,
        null,
        1,
        1,
        1,
        null,
        1,
        1,
        null,
        null,
        1,
        null,
        1,
        null,
        1,
        1,
        1,
        1,
        null,
        null,
        null,
        1,
        1,
        null,
        null,
        null,
        null,
        null,
        null,
        null,
        null,
        null,
        null,
        null,
        null,
        null,
        null,
        null,
        null,
        null,
        null,
        null,
        null,
        null,
        null,
        null,
        null,
        null,
        null,
        null,
        null,
        null,
        null,
        null,
        null,
        null,
        null,
        null,
        null,
        null,
        null,
        null
      ],
      "/Users/kannan/kannan/projects/octopress/octopaas/spec/rails_helper.rb": [
        1,
        1,
        1,
        1,
        1,
        1,
        null,
        2,
        null,
        1,
        1,
        null,
        0,
        0,
        null,
        null,
        1,
        1,
        1,
        1,
        null,
        null,
        null,
        1,
        1,
        1,
        1,
        1,
        1,
        null
      ],
      "/Users/kannan/kannan/projects/octopress/octopaas/config/environment.rb": [
        null,
        1,
        null,
        null,
        1
      ],
      "/Users/kannan/kannan/projects/octopress/octopaas/config/application.rb": [
        1,
        null,
        1,
        null,
        null,
        null,
        1,
        null,
        1,
        1,
        null,
        1,
        null,
        null,
        null,
        null,
        null,
        1,
        1,
        1,
        1,
        null,
        null,
        null,
        null
      ],
      "/Users/kannan/kannan/projects/octopress/octopaas/config/boot.rb": [
        1,
        null,
        1,
        1
      ],
      "/Users/kannan/kannan/projects/octopress/octopaas/config/environments/test.rb": [
        1,
        null,
        null,
        null,
        null,
        null,
        null,
        1,
        null,
        null,
        null,
        null,
        1,
        null,
        null,
        1,
        1,
        null,
        null,
        null,
        null,
        1,
        1,
        null,
        null,
        1,
        null,
        null,
        1,
        null,
        null,
        1,
        null,
        1,
        null,
        null,
        null,
        null,
        1,
        null,
        null,
        1,
        null,
        null,
        null,
        null
      ],
      "/Users/kannan/kannan/projects/octopress/octopaas/config/initializers/application_controller_renderer.rb": [
        null,
        null,
        null,
        null,
        null,
        null,
        null,
        null
      ],
      "/Users/kannan/kannan/projects/octopress/octopaas/config/initializers/assets.rb": [
        null,
        null,
        null,
        1,
        null,
        null,
        null,
        null,
        1,
        null,
        null,
        null,
        null,
        null
      ],
      "/Users/kannan/kannan/projects/octopress/octopaas/config/initializers/backtrace_silencers.rb": [
        null,
        null,
        null,
        null,
        null,
        null,
        null
      ],
      "/Users/kannan/kannan/projects/octopress/octopaas/config/initializers/content_security_policy.rb": [
        null,
        null,
        null,
        null,
        null,
        null,
        null,
        null,
        null,
        null,
        null,
        null,
        null,
        null,
        null,
        null,
        null,
        null,
        null,
        null,
        null,
        null,
        null,
        null,
        null
      ],
      "/Users/kannan/kannan/projects/octopress/octopaas/config/initializers/cookies_serializer.rb": [
        null,
        null,
        null,
        null,
        1
      ],
      "/Users/kannan/kannan/projects/octopress/octopaas/config/initializers/filter_parameter_logging.rb": [
        null,
        null,
        null,
        1
      ],
      "/Users/kannan/kannan/projects/octopress/octopaas/config/initializers/inflections.rb": [
        null,
        null,
        null,
        null,
        null,
        null,
        null,
        null,
        null,
        null,
        null,
        null,
        null,
        null,
        null,
        null
      ],
      "/Users/kannan/kannan/projects/octopress/octopaas/config/initializers/mime_types.rb": [
        null,
        null,
        null,
        null
      ],
      "/Users/kannan/kannan/projects/octopress/octopaas/config/initializers/wrap_parameters.rb": [
        null,
        null,
        null,
        null,
        null,
        null,
        1,
        2,
        null,
        null,
        null,
        null,
        null,
        null
      ],
      "/Users/kannan/kannan/projects/octopress/octopaas/spec/factories.rb": [
        1,
        1,
        1,
        1,
        1,
        1,
        1,
        1,
        1,
        1,
        1,
        1,
        null,
        null,
        1,
        1,
        1,
        1,
        1,
        1,
        1,
        1,
        1,
        1,
        1,
        1,
        null,
        null
      ],
      "/Users/kannan/kannan/projects/octopress/octopaas/config/routes.rb": [
        1,
        1,
        1,
        1,
        null,
        1,
        1,
        1,
        null,
        null,
        null
      ],
      "/Users/kannan/kannan/projects/octopress/octopaas/app/helpers/application_helper.rb": [
        1,
        null
      ],
      "/Users/kannan/kannan/projects/octopress/octopaas/app/helpers/excavators_helper.rb": [
        1,
        null
      ],
      "/Users/kannan/kannan/projects/octopress/octopaas/app/helpers/tickets_helper.rb": [
        1,
        null
      ],
      "/Users/kannan/kannan/projects/octopress/octopaas/spec/support/database_cleaner.rb": [
        1,
        1,
        1,
        null,
        null,
        1,
        17,
        null,
        null,
        1,
        0,
        null,
        null,
        1,
        17,
        null,
        null,
        1,
        17,
        null,
        null
      ],
      "/Users/kannan/kannan/projects/octopress/octopaas/app/controllers/api/v1/tickets_controller.rb": [
        1,
        null,
        1,
        2,
        2,
        1,
        null,
        1,
        null,
        null,
        null,
        1,
        null,
        1,
        2,
        2,
        2,
        2,
        2,
        2,
        null,
        2,
        2,
        2,
        null,
        null,
        1,
        2,
        null,
        null,
        1,
        2,
        null,
        null,
        null,
        null,
        null
      ],
      "/Users/kannan/kannan/projects/octopress/octopaas/app/controllers/api/v1/base_controller.rb": [
        1,
        1,
        null,
        1,
        null,
        1,
        2,
        null,
        null
      ],
      "/Users/kannan/kannan/projects/octopress/octopaas/app/services/symbolize_helper.rb": [
        1,
        1,
        7,
        25,
        null,
        null,
        null,
        1,
        19,
        null,
        2,
        null,
        2,
        null,
        16,
        null,
        null,
        null
      ],
      "/Users/kannan/kannan/projects/octopress/octopaas/spec/controllers/tickets_controller_spec.rb": [
        1,
        null,
        1,
        1,
        1,
        1,
        null,
        1,
        null,
        1,
        1,
        null,
        null,
        null,
        1,
        1,
        1,
        null,
        1,
        null,
        1,
        1,
        null,
        null,
        null,
        1,
        1,
        1,
        null,
        1,
        null,
        1,
        null,
        1,
        1,
        null,
        null,
        null
      ],
      "/Users/kannan/kannan/projects/octopress/octopaas/app/controllers/tickets_controller.rb": [
        1,
        1,
        null,
        1,
        3,
        null,
        null,
        1,
        null,
        null,
        1,
        1,
        1,
        2,
        1,
        null,
        null,
        null,
        1,
        null,
        1,
        4,
        null,
        null
      ],
      "/Users/kannan/kannan/projects/octopress/octopaas/app/controllers/application_controller.rb": [
        1,
        null
      ],
      "/Users/kannan/kannan/projects/octopress/octopaas/spec/models/excavator_spec.rb": [
        1,
        null,
        1,
        1,
        2,
        null,
        null
      ],
      "/Users/kannan/kannan/projects/octopress/octopaas/app/models/excavator.rb": [
        1,
        1,
        1,
        1,
        null,
        1,
        null
      ],
      "/Users/kannan/kannan/projects/octopress/octopaas/app/models/application_record.rb": [
        1,
        1,
        null
      ],
      "/Users/kannan/kannan/projects/octopress/octopaas/spec/models/ticket_spec.rb": [
        1,
        null,
        1,
        1,
        2,
        2,
        null,
        null,
        1,
        1,
        1,
        null,
        1,
        1,
        1,
        1,
        null,
        null,
        1,
        1,
        null,
        1,
        null,
        null,
        null
      ],
      "/Users/kannan/kannan/projects/octopress/octopaas/app/models/ticket.rb": [
        1,
        1,
        1,
        1,
        2,
        null,
        1,
        null,
        1,
        7,
        31,
        null,
        null,
        1,
        7,
        null,
        null
      ],
      "/Users/kannan/kannan/projects/octopress/octopaas/spec/requests/tickets_spec.rb": [
        1,
        null,
        null,
        1,
        5,
        null,
        1,
        3,
        null,
        1,
        1,
        1,
        null,
        null,
        1,
        1,
        null,
        null,
        null,
        1,
        3,
        null,
        1,
        1,
        1,
        null,
        null,
        1,
        1,
        null,
        null,
        null
      ],
      "/Users/kannan/kannan/projects/octopress/octopaas/spec/services/symbolize_helper_spec.rb": [
        1,
        null,
        1,
        1,
        null,
        1,
        1,
        1,
        1,
        null,
        null,
        1,
        1,
        null,
        1,
        null,
        null,
        1,
        1,
        null,
        1,
        null,
        null,
        null
      ]
    },
    "timestamp": 1542000664
  }
}
